<!DOCTYPE html PUBLIC "-//W3C//DTD XHTML 1.1//EN" "http://www.w3.org/TR/xhtml11/DTD/xhtml11.dtd">
<html xmlns="http://www.w3.org/1999/xhtml"><head><title>TestNG Report</title><style type="text/css">table {margin-bottom:10px;border-collapse:collapse;empty-cells:show}th,td {border:1px solid #009;padding:.25em .5em}th {vertical-align:bottom}td {vertical-align:top}table a {font-weight:bold}.stripe td {background-color: #E6EBF9}.num {text-align:right}.passedodd td {background-color: #3F3}.passedeven td {background-color: #0A0}.skippedodd td {background-color: #DDD}.skippedeven td {background-color: #CCC}.failedodd td,.attn {background-color: #F33}.failedeven td,.stripe .attn {background-color: #D00}.stacktrace {white-space:pre;font-family:monospace}.totop {font-size:85%;text-align:center;border-bottom:2px solid #000}</style></head><body><table><tr><th>Test</th><th># Passed</th><th># Skipped</th><th># Failed</th><th>Time (ms)</th><th>Included Groups</th><th>Excluded Groups</th></tr><tr><th colspan="7">Default suite</th></tr><tr><td><a href="#t0">Default test</a></td><td class="num">19</td><td class="num">0</td><td class="num">0</td><td class="num">293</td><td></td><td></td></tr></table><table><thead><tr><th>Class</th><th>Method</th><th>Start</th><th>Time (ms)</th></tr></thead><tbody><tr><th colspan="4">Default suite</th></tr></tbody><tbody id="t0"><tr><th colspan="4">Default test &#8212; passed</th></tr><tr class="passedeven"><td rowspan="19">com.skrill.interns.calculator.ExpressionTest</td><td><a href="#m0">when_call_add_method_it_returns_total</a></td><td rowspan="1">1386086929513</td><td rowspan="1">40</td></tr><tr class="passedeven"><td><a href="#m1">when_call_devide_method_and_second_operand_is_0_it_returns_exceptions</a></td><td rowspan="1">1386086929555</td><td rowspan="1">1</td></tr><tr class="passedeven"><td><a href="#m2">when_call_devide_method_it_returns_quotient</a></td><td rowspan="1">1386086929558</td><td rowspan="1">2</td></tr><tr class="passedeven"><td><a href="#m3">when_call_mult_method_it_returns_multiplication</a></td><td rowspan="1">1386086929561</td><td rowspan="1">1</td></tr><tr class="passedeven"><td><a href="#m4">when_call_subtract_method_it_returns_subtraction</a></td><td rowspan="1">1386086929563</td><td rowspan="1">1</td></tr><tr class="passedeven"><td><a href="#m5">when_have_expression_getOperand_returns_left_operand</a></td><td rowspan="1">1386086929565</td><td rowspan="1">1</td></tr><tr class="passedeven"><td><a href="#m6">when_selectOption_has_divide_operation</a></td><td rowspan="1">1386086929567</td><td rowspan="1">1</td></tr><tr class="passedeven"><td><a href="#m7">when_selectOption_has_minus_operation</a></td><td rowspan="1">1386086929569</td><td rowspan="1">1</td></tr><tr class="passedeven"><td><a href="#m8">when_selectOption_has_mult_operation</a></td><td rowspan="1">1386086929571</td><td rowspan="1">1</td></tr><tr class="passedeven"><td><a href="#m9">when_selectOption_has_plus_operation</a></td><td rowspan="1">1386086929573</td><td rowspan="1">1</td></tr><tr class="passedeven"><td><a href="#m10">when_the_string_contain_different_symbols_than_numbers_and_operations_parse_throws_exception</a></td><td rowspan="1">1386086929575</td><td rowspan="1">1</td></tr><tr class="passedeven"><td><a href="#m11">when_the_string_has_double_number_with_more_than_10_symbols_in_integer_part_parse_return_exception</a></td><td rowspan="1">1386086929656</td><td rowspan="1">1</td></tr><tr class="passedeven"><td><a href="#m12">when_the_string_has_double_number_with_more_than_20_symbols_in_fraction_parse_return_exception</a></td><td rowspan="1">1386086929659</td><td rowspan="1">1</td></tr><tr class="passedeven"><td><a href="#m13">when_the_string_is_correct_expression_calculate_calculated_it_test1</a></td><td rowspan="1">1386086929663</td><td rowspan="1">5</td></tr><tr class="passedeven"><td><a href="#m14">when_the_string_is_correct_expression_calculate_calculated_it_test2</a></td><td rowspan="1">1386086929670</td><td rowspan="1">8</td></tr><tr class="passedeven"><td><a href="#m15">when_the_string_is_correct_expression_calculate_calculated_it_test3</a></td><td rowspan="1">1386086929680</td><td rowspan="1">7</td></tr><tr class="passedeven"><td><a href="#m16">when_the_string_is_expression_with_only_one_number_parse_thorws_exception</a></td><td rowspan="1">1386086929688</td><td rowspan="1">1</td></tr><tr class="passedeven"><td><a href="#m17">when_the_string_is_expression_with_two_zeros_parse_doesnt_throws_exception</a></td><td rowspan="1">1386086929690</td><td rowspan="1">1</td></tr><tr class="passedeven"><td><a href="#m18">when_the_string_is_null_parse_throws_exception</a></td><td rowspan="1">1386086929692</td><td rowspan="1">0</td></tr></tbody></table><h2>Default test</h2><h3 id="m0">com.skrill.interns.calculator.ExpressionTest#when_call_add_method_it_returns_total</h3><table class="result"></table><p class="totop"><a href="#summary">back to summary</a></p><h3 id="m1">com.skrill.interns.calculator.ExpressionTest#when_call_devide_method_and_second_operand_is_0_it_returns_exceptions</h3><table class="result"><tr><th>Expected Exception</th></tr><tr><td><div class="stacktrace">java.lang.ArithmeticException
	at com.skrill.interns.calculator.Expression.divide(Expression.java:102)
	at com.skrill.interns.calculator.ExpressionTest.when_call_devide_method_and_second_operand_is_0_it_returns_exceptions(ExpressionTest.java:257)
	at sun.reflect.NativeMethodAccessorImpl.invoke0(Native Method)
	at sun.reflect.NativeMethodAccessorImpl.invoke(Unknown Source)
	at sun.reflect.DelegatingMethodAccessorImpl.invoke(Unknown Source)
	at java.lang.reflect.Method.invoke(Unknown Source)
	at org.testng.internal.MethodInvocationHelper.invokeMethod(MethodInvocationHelper.java:84)
	at org.testng.internal.Invoker.invokeMethod(Invoker.java:714)
	at org.testng.internal.Invoker.invokeTestMethod(Invoker.java:901)
	at org.testng.internal.Invoker.invokeTestMethods(Invoker.java:1231)
	at org.testng.internal.TestMethodWorker.invokeTestMethods(TestMethodWorker.java:127)
	at org.testng.internal.TestMethodWorker.run(TestMethodWorker.java:111)
	at org.testng.TestRunner.privateRun(TestRunner.java:767)
	at org.testng.TestRunner.run(TestRunner.java:617)
	at org.testng.SuiteRunner.runTest(SuiteRunner.java:335)
	at org.testng.SuiteRunner.runSequentially(SuiteRunner.java:330)
	at org.testng.SuiteRunner.privateRun(SuiteRunner.java:291)
	at org.testng.SuiteRunner.run(SuiteRunner.java:240)
	at org.testng.SuiteRunnerWorker.runSuite(SuiteRunnerWorker.java:52)
	at org.testng.SuiteRunnerWorker.run(SuiteRunnerWorker.java:86)
	at org.testng.TestNG.runSuitesSequentially(TestNG.java:1224)
	at org.testng.TestNG.runSuitesLocally(TestNG.java:1149)
	at org.testng.TestNG.run(TestNG.java:1057)
	at org.testng.remote.RemoteTestNG.run(RemoteTestNG.java:111)
	at org.testng.remote.RemoteTestNG.initAndRun(RemoteTestNG.java:204)
	at org.testng.remote.RemoteTestNG.main(RemoteTestNG.java:175)
</div></td></tr></table><p class="totop"><a href="#summary">back to summary</a></p><h3 id="m2">com.skrill.interns.calculator.ExpressionTest#when_call_devide_method_it_returns_quotient</h3><table class="result"></table><p class="totop"><a href="#summary">back to summary</a></p><h3 id="m3">com.skrill.interns.calculator.ExpressionTest#when_call_mult_method_it_returns_multiplication</h3><table class="result"></table><p class="totop"><a href="#summary">back to summary</a></p><h3 id="m4">com.skrill.interns.calculator.ExpressionTest#when_call_subtract_method_it_returns_subtraction</h3><table class="result"></table><p class="totop"><a href="#summary">back to summary</a></p><h3 id="m5">com.skrill.interns.calculator.ExpressionTest#when_have_expression_getOperand_returns_left_operand</h3><table class="result"></table><p class="totop"><a href="#summary">back to summary</a></p><h3 id="m6">com.skrill.interns.calculator.ExpressionTest#when_selectOption_has_divide_operation</h3><table class="result"></table><p class="totop"><a href="#summary">back to summary</a></p><h3 id="m7">com.skrill.interns.calculator.ExpressionTest#when_selectOption_has_minus_operation</h3><table class="result"></table><p class="totop"><a href="#summary">back to summary</a></p><h3 id="m8">com.skrill.interns.calculator.ExpressionTest#when_selectOption_has_mult_operation</h3><table class="result"></table><p class="totop"><a href="#summary">back to summary</a></p><h3 id="m9">com.skrill.interns.calculator.ExpressionTest#when_selectOption_has_plus_operation</h3><table class="result"></table><p class="totop"><a href="#summary">back to summary</a></p><h3 id="m10">com.skrill.interns.calculator.ExpressionTest#when_the_string_contain_different_symbols_than_numbers_and_operations_parse_throws_exception</h3><table class="result"><tr><th>Expected Exception</th></tr><tr><td><div class="stacktrace">java.lang.IllegalArgumentException: Invalid input!
	at com.skrill.interns.calculator.Expression.parse(Expression.java:20)
	at com.skrill.interns.calculator.ExpressionTest.when_the_string_contain_different_symbols_than_numbers_and_operations_parse_throws_exception(ExpressionTest.java:82)
	at sun.reflect.NativeMethodAccessorImpl.invoke0(Native Method)
	at sun.reflect.NativeMethodAccessorImpl.invoke(Unknown Source)
	at sun.reflect.DelegatingMethodAccessorImpl.invoke(Unknown Source)
	at java.lang.reflect.Method.invoke(Unknown Source)
	at org.testng.internal.MethodInvocationHelper.invokeMethod(MethodInvocationHelper.java:84)
	at org.testng.internal.Invoker.invokeMethod(Invoker.java:714)
	at org.testng.internal.Invoker.invokeTestMethod(Invoker.java:901)
	at org.testng.internal.Invoker.invokeTestMethods(Invoker.java:1231)
	at org.testng.internal.TestMethodWorker.invokeTestMethods(TestMethodWorker.java:127)
	at org.testng.internal.TestMethodWorker.run(TestMethodWorker.java:111)
	at org.testng.TestRunner.privateRun(TestRunner.java:767)
	at org.testng.TestRunner.run(TestRunner.java:617)
	at org.testng.SuiteRunner.runTest(SuiteRunner.java:335)
	at org.testng.SuiteRunner.runSequentially(SuiteRunner.java:330)
	at org.testng.SuiteRunner.privateRun(SuiteRunner.java:291)
	at org.testng.SuiteRunner.run(SuiteRunner.java:240)
	at org.testng.SuiteRunnerWorker.runSuite(SuiteRunnerWorker.java:52)
	at org.testng.SuiteRunnerWorker.run(SuiteRunnerWorker.java:86)
	at org.testng.TestNG.runSuitesSequentially(TestNG.java:1224)
	at org.testng.TestNG.runSuitesLocally(TestNG.java:1149)
	at org.testng.TestNG.run(TestNG.java:1057)
	at org.testng.remote.RemoteTestNG.run(RemoteTestNG.java:111)
	at org.testng.remote.RemoteTestNG.initAndRun(RemoteTestNG.java:204)
	at org.testng.remote.RemoteTestNG.main(RemoteTestNG.java:175)
</div></td></tr></table><p class="totop"><a href="#summary">back to summary</a></p><h3 id="m11">com.skrill.interns.calculator.ExpressionTest#when_the_string_has_double_number_with_more_than_10_symbols_in_integer_part_parse_return_exception</h3><table class="result"><tr><th>Expected Exception</th></tr><tr><td><div class="stacktrace">java.lang.IllegalArgumentException: Invalid input!
	at com.skrill.interns.calculator.Expression.parse(Expression.java:20)
	at com.skrill.interns.calculator.ExpressionTest.when_the_string_has_double_number_with_more_than_10_symbols_in_integer_part_parse_return_exception(ExpressionTest.java:31)
	at sun.reflect.NativeMethodAccessorImpl.invoke0(Native Method)
	at sun.reflect.NativeMethodAccessorImpl.invoke(Unknown Source)
	at sun.reflect.DelegatingMethodAccessorImpl.invoke(Unknown Source)
	at java.lang.reflect.Method.invoke(Unknown Source)
	at org.testng.internal.MethodInvocationHelper.invokeMethod(MethodInvocationHelper.java:84)
	at org.testng.internal.Invoker.invokeMethod(Invoker.java:714)
	at org.testng.internal.Invoker.invokeTestMethod(Invoker.java:901)
	at org.testng.internal.Invoker.invokeTestMethods(Invoker.java:1231)
	at org.testng.internal.TestMethodWorker.invokeTestMethods(TestMethodWorker.java:127)
	at org.testng.internal.TestMethodWorker.run(TestMethodWorker.java:111)
	at org.testng.TestRunner.privateRun(TestRunner.java:767)
	at org.testng.TestRunner.run(TestRunner.java:617)
	at org.testng.SuiteRunner.runTest(SuiteRunner.java:335)
	at org.testng.SuiteRunner.runSequentially(SuiteRunner.java:330)
	at org.testng.SuiteRunner.privateRun(SuiteRunner.java:291)
	at org.testng.SuiteRunner.run(SuiteRunner.java:240)
	at org.testng.SuiteRunnerWorker.runSuite(SuiteRunnerWorker.java:52)
	at org.testng.SuiteRunnerWorker.run(SuiteRunnerWorker.java:86)
	at org.testng.TestNG.runSuitesSequentially(TestNG.java:1224)
	at org.testng.TestNG.runSuitesLocally(TestNG.java:1149)
	at org.testng.TestNG.run(TestNG.java:1057)
	at org.testng.remote.RemoteTestNG.run(RemoteTestNG.java:111)
	at org.testng.remote.RemoteTestNG.initAndRun(RemoteTestNG.java:204)
	at org.testng.remote.RemoteTestNG.main(RemoteTestNG.java:175)
</div></td></tr></table><p class="totop"><a href="#summary">back to summary</a></p><h3 id="m12">com.skrill.interns.calculator.ExpressionTest#when_the_string_has_double_number_with_more_than_20_symbols_in_fraction_parse_return_exception</h3><table class="result"><tr><th>Expected Exception</th></tr><tr><td><div class="stacktrace">java.lang.IllegalArgumentException: Invalid input!
	at com.skrill.interns.calculator.Expression.parse(Expression.java:20)
	at com.skrill.interns.calculator.ExpressionTest.when_the_string_has_double_number_with_more_than_20_symbols_in_fraction_parse_return_exception(ExpressionTest.java:41)
	at sun.reflect.NativeMethodAccessorImpl.invoke0(Native Method)
	at sun.reflect.NativeMethodAccessorImpl.invoke(Unknown Source)
	at sun.reflect.DelegatingMethodAccessorImpl.invoke(Unknown Source)
	at java.lang.reflect.Method.invoke(Unknown Source)
	at org.testng.internal.MethodInvocationHelper.invokeMethod(MethodInvocationHelper.java:84)
	at org.testng.internal.Invoker.invokeMethod(Invoker.java:714)
	at org.testng.internal.Invoker.invokeTestMethod(Invoker.java:901)
	at org.testng.internal.Invoker.invokeTestMethods(Invoker.java:1231)
	at org.testng.internal.TestMethodWorker.invokeTestMethods(TestMethodWorker.java:127)
	at org.testng.internal.TestMethodWorker.run(TestMethodWorker.java:111)
	at org.testng.TestRunner.privateRun(TestRunner.java:767)
	at org.testng.TestRunner.run(TestRunner.java:617)
	at org.testng.SuiteRunner.runTest(SuiteRunner.java:335)
	at org.testng.SuiteRunner.runSequentially(SuiteRunner.java:330)
	at org.testng.SuiteRunner.privateRun(SuiteRunner.java:291)
	at org.testng.SuiteRunner.run(SuiteRunner.java:240)
	at org.testng.SuiteRunnerWorker.runSuite(SuiteRunnerWorker.java:52)
	at org.testng.SuiteRunnerWorker.run(SuiteRunnerWorker.java:86)
	at org.testng.TestNG.runSuitesSequentially(TestNG.java:1224)
	at org.testng.TestNG.runSuitesLocally(TestNG.java:1149)
	at org.testng.TestNG.run(TestNG.java:1057)
	at org.testng.remote.RemoteTestNG.run(RemoteTestNG.java:111)
	at org.testng.remote.RemoteTestNG.initAndRun(RemoteTestNG.java:204)
	at org.testng.remote.RemoteTestNG.main(RemoteTestNG.java:175)
</div></td></tr></table><p class="totop"><a href="#summary">back to summary</a></p><h3 id="m13">com.skrill.interns.calculator.ExpressionTest#when_the_string_is_correct_expression_calculate_calculated_it_test1</h3><table class="result"></table><p class="totop"><a href="#summary">back to summary</a></p><h3 id="m14">com.skrill.interns.calculator.ExpressionTest#when_the_string_is_correct_expression_calculate_calculated_it_test2</h3><table class="result"></table><p class="totop"><a href="#summary">back to summary</a></p><h3 id="m15">com.skrill.interns.calculator.ExpressionTest#when_the_string_is_correct_expression_calculate_calculated_it_test3</h3><table class="result"></table><p class="totop"><a href="#summary">back to summary</a></p><h3 id="m16">com.skrill.interns.calculator.ExpressionTest#when_the_string_is_expression_with_only_one_number_parse_thorws_exception</h3><table class="result"><tr><th>Expected Exception</th></tr><tr><td><div class="stacktrace">java.lang.IllegalArgumentException: Invalid input!
	at com.skrill.interns.calculator.Expression.parse(Expression.java:20)
	at com.skrill.interns.calculator.ExpressionTest.when_the_string_is_expression_with_only_one_number_parse_thorws_exception(ExpressionTest.java:62)
	at sun.reflect.NativeMethodAccessorImpl.invoke0(Native Method)
	at sun.reflect.NativeMethodAccessorImpl.invoke(Unknown Source)
	at sun.reflect.DelegatingMethodAccessorImpl.invoke(Unknown Source)
	at java.lang.reflect.Method.invoke(Unknown Source)
	at org.testng.internal.MethodInvocationHelper.invokeMethod(MethodInvocationHelper.java:84)
	at org.testng.internal.Invoker.invokeMethod(Invoker.java:714)
	at org.testng.internal.Invoker.invokeTestMethod(Invoker.java:901)
	at org.testng.internal.Invoker.invokeTestMethods(Invoker.java:1231)
	at org.testng.internal.TestMethodWorker.invokeTestMethods(TestMethodWorker.java:127)
	at org.testng.internal.TestMethodWorker.run(TestMethodWorker.java:111)
	at org.testng.TestRunner.privateRun(TestRunner.java:767)
	at org.testng.TestRunner.run(TestRunner.java:617)
	at org.testng.SuiteRunner.runTest(SuiteRunner.java:335)
	at org.testng.SuiteRunner.runSequentially(SuiteRunner.java:330)
	at org.testng.SuiteRunner.privateRun(SuiteRunner.java:291)
	at org.testng.SuiteRunner.run(SuiteRunner.java:240)
	at org.testng.SuiteRunnerWorker.runSuite(SuiteRunnerWorker.java:52)
	at org.testng.SuiteRunnerWorker.run(SuiteRunnerWorker.java:86)
	at org.testng.TestNG.runSuitesSequentially(TestNG.java:1224)
	at org.testng.TestNG.runSuitesLocally(TestNG.java:1149)
	at org.testng.TestNG.run(TestNG.java:1057)
	at org.testng.remote.RemoteTestNG.run(RemoteTestNG.java:111)
	at org.testng.remote.RemoteTestNG.initAndRun(RemoteTestNG.java:204)
	at org.testng.remote.RemoteTestNG.main(RemoteTestNG.java:175)
</div></td></tr></table><p class="totop"><a href="#summary">back to summary</a></p><h3 id="m17">com.skrill.interns.calculator.ExpressionTest#when_the_string_is_expression_with_two_zeros_parse_doesnt_throws_exception</h3><table class="result"></table><p class="totop"><a href="#summary">back to summary</a></p><h3 id="m18">com.skrill.interns.calculator.ExpressionTest#when_the_string_is_null_parse_throws_exception</h3><table class="result"><tr><th>Expected Exception</th></tr><tr><td><div class="stacktrace">java.lang.IllegalArgumentException: Invalid input!
	at com.skrill.interns.calculator.Expression.parse(Expression.java:14)
	at com.skrill.interns.calculator.ExpressionTest.when_the_string_is_null_parse_throws_exception(ExpressionTest.java:72)
	at sun.reflect.NativeMethodAccessorImpl.invoke0(Native Method)
	at sun.reflect.NativeMethodAccessorImpl.invoke(Unknown Source)
	at sun.reflect.DelegatingMethodAccessorImpl.invoke(Unknown Source)
	at java.lang.reflect.Method.invoke(Unknown Source)
	at org.testng.internal.MethodInvocationHelper.invokeMethod(MethodInvocationHelper.java:84)
	at org.testng.internal.Invoker.invokeMethod(Invoker.java:714)
	at org.testng.internal.Invoker.invokeTestMethod(Invoker.java:901)
	at org.testng.internal.Invoker.invokeTestMethods(Invoker.java:1231)
	at org.testng.internal.TestMethodWorker.invokeTestMethods(TestMethodWorker.java:127)
	at org.testng.internal.TestMethodWorker.run(TestMethodWorker.java:111)
	at org.testng.TestRunner.privateRun(TestRunner.java:767)
	at org.testng.TestRunner.run(TestRunner.java:617)
	at org.testng.SuiteRunner.runTest(SuiteRunner.java:335)
	at org.testng.SuiteRunner.runSequentially(SuiteRunner.java:330)
	at org.testng.SuiteRunner.privateRun(SuiteRunner.java:291)
	at org.testng.SuiteRunner.run(SuiteRunner.java:240)
	at org.testng.SuiteRunnerWorker.runSuite(SuiteRunnerWorker.java:52)
	at org.testng.SuiteRunnerWorker.run(SuiteRunnerWorker.java:86)
	at org.testng.TestNG.runSuitesSequentially(TestNG.java:1224)
	at org.testng.TestNG.runSuitesLocally(TestNG.java:1149)
	at org.testng.TestNG.run(TestNG.java:1057)
	at org.testng.remote.RemoteTestNG.run(RemoteTestNG.java:111)
	at org.testng.remote.RemoteTestNG.initAndRun(RemoteTestNG.java:204)
	at org.testng.remote.RemoteTestNG.main(RemoteTestNG.java:175)
</div></td></tr></table><p class="totop"><a href="#summary">back to summary</a></p></body></html>